2022-09-23 16:01:20,670 - /Users/durian/Nutstore Files/Research/ID-SLP/public_code/utils/gsm_utils.py[line:9] - INFO: Simple-SLP_GRB_safety stock cost is 423674898163.92
2022-09-23 16:01:20,670 - /Users/durian/Nutstore Files/Research/ID-SLP/public_code/utils/utils.py[line:30] - DEBUG: func @get_policy use 14.68771 (s)
2022-09-23 16:34:08,950 - /Users/durian/Nutstore Files/Research/ID-SLP/public_code/utils/gsm_utils.py[line:9] - INFO: DP_safety stock cost is 58334521.54
2022-09-23 16:34:08,951 - /Users/durian/Nutstore Files/Research/ID-SLP/public_code/utils/utils.py[line:30] - DEBUG: func @get_policy use 0.009571 (s)
2022-09-23 16:34:10,135 - /Users/durian/Nutstore Files/Research/ID-SLP/public_code/utils/gsm_utils.py[line:9] - INFO: DP_safety stock cost is 82355460.71
2022-09-23 16:34:10,135 - /Users/durian/Nutstore Files/Research/ID-SLP/public_code/utils/utils.py[line:30] - DEBUG: func @get_policy use 0.006852 (s)
2022-09-23 16:34:11,235 - /Users/durian/Nutstore Files/Research/ID-SLP/public_code/utils/gsm_utils.py[line:9] - INFO: ID-SLP_GRB_safety stock cost is 78561995907.66
2022-09-23 16:34:11,236 - /Users/durian/Nutstore Files/Research/ID-SLP/public_code/utils/utils.py[line:30] - DEBUG: func @get_policy use 21.920318 (s)
2022-09-23 16:38:08,636 - /Users/durian/Nutstore Files/Research/ID-SLP/public_code/utils/gsm_utils.py[line:9] - INFO: DP_safety stock cost is 0.00
2022-09-23 16:38:08,637 - /Users/durian/Nutstore Files/Research/ID-SLP/public_code/utils/utils.py[line:30] - DEBUG: func @get_policy use 0.023166 (s)
2022-09-23 16:38:11,035 - /Users/durian/Nutstore Files/Research/ID-SLP/public_code/utils/gsm_utils.py[line:9] - INFO: DP_safety stock cost is 836362.46
2022-09-23 16:38:11,035 - /Users/durian/Nutstore Files/Research/ID-SLP/public_code/utils/utils.py[line:30] - DEBUG: func @get_policy use 0.066272 (s)
2022-09-23 16:38:11,056 - /Users/durian/Nutstore Files/Research/ID-SLP/public_code/utils/gsm_utils.py[line:9] - INFO: DP_safety stock cost is 477626871.37
2022-09-23 16:38:11,057 - /Users/durian/Nutstore Files/Research/ID-SLP/public_code/utils/utils.py[line:30] - DEBUG: func @get_policy use 0.020709 (s)
2022-09-23 16:38:11,303 - /Users/durian/Nutstore Files/Research/ID-SLP/public_code/utils/gsm_utils.py[line:9] - INFO: DP_safety stock cost is 131563157.65
2022-09-23 16:38:11,304 - /Users/durian/Nutstore Files/Research/ID-SLP/public_code/utils/utils.py[line:30] - DEBUG: func @get_policy use 0.095585 (s)
2022-09-23 16:38:11,671 - /Users/durian/Nutstore Files/Research/ID-SLP/public_code/utils/gsm_utils.py[line:9] - INFO: DP_safety stock cost is 575454505.49
2022-09-23 16:38:11,671 - /Users/durian/Nutstore Files/Research/ID-SLP/public_code/utils/utils.py[line:30] - DEBUG: func @get_policy use 0.253878 (s)
2022-09-23 16:38:11,837 - /Users/durian/Nutstore Files/Research/ID-SLP/public_code/utils/gsm_utils.py[line:9] - INFO: ID-SLP_GRB_safety stock cost is 32398791650.28
2022-09-23 16:38:11,837 - /Users/durian/Nutstore Files/Research/ID-SLP/public_code/utils/utils.py[line:30] - DEBUG: func @get_policy use 16.060647 (s)
2022-09-23 16:39:02,228 - /Users/durian/Nutstore Files/Research/ID-SLP/public_code/utils/gsm_utils.py[line:9] - INFO: DP_safety stock cost is 42924972.67
2022-09-23 16:39:02,228 - /Users/durian/Nutstore Files/Research/ID-SLP/public_code/utils/utils.py[line:30] - DEBUG: func @get_policy use 0.003239 (s)
2022-09-23 16:39:02,241 - /Users/durian/Nutstore Files/Research/ID-SLP/public_code/utils/gsm_utils.py[line:9] - INFO: DP_safety stock cost is 22872794.54
2022-09-23 16:39:02,241 - /Users/durian/Nutstore Files/Research/ID-SLP/public_code/utils/utils.py[line:30] - DEBUG: func @get_policy use 0.012384 (s)
2022-09-23 16:39:02,567 - /Users/durian/Nutstore Files/Research/ID-SLP/public_code/utils/gsm_utils.py[line:9] - INFO: DP_safety stock cost is 6761224.94
2022-09-23 16:39:02,567 - /Users/durian/Nutstore Files/Research/ID-SLP/public_code/utils/utils.py[line:30] - DEBUG: func @get_policy use 0.018155 (s)
2022-09-23 16:39:03,202 - /Users/durian/Nutstore Files/Research/ID-SLP/public_code/utils/gsm_utils.py[line:9] - INFO: ID-SLP_GRB_safety stock cost is 53249904645.41
2022-09-23 16:39:03,202 - /Users/durian/Nutstore Files/Research/ID-SLP/public_code/utils/utils.py[line:30] - DEBUG: func @get_policy use 10.434977 (s)
2022-09-23 16:39:12,482 - /Users/durian/Nutstore Files/Research/ID-SLP/public_code/utils/gsm_utils.py[line:9] - INFO: IF-SLP_GRB_partial_safety stock cost is 81343953146.06
2022-09-23 16:39:12,482 - /Users/durian/Nutstore Files/Research/ID-SLP/public_code/utils/utils.py[line:30] - DEBUG: func @get_policy use 9.261116 (s)
